<?xml version="1.0" encoding="UTF-8"?>
<!-- Generated by org.testng.reporters.JUnitReportReporter -->
<testsuite skipped="0" hostname="DESKTOP-URKGA8H" name="testCases.TC_ReplenishBin" tests="1" failures="0" timestamp="22 Aug 2018 01:19:43 GMT" time="87.886" errors="0">
  <testcase name="Tc_Replenishbin_004" time="87.886" classname="testCases.TC_ReplenishBin"/>
</testsuite> <!-- testCases.TC_ReplenishBin -->
