<?xml version="1.0" encoding="UTF-8"?>
<!-- Generated by org.testng.reporters.JUnitReportReporter -->
<testsuite skipped="0" hostname="DESKTOP-URKGA8H" name="testCases.TC_Cart" tests="1" failures="0" timestamp="31 Aug 2018 09:49:42 GMT" time="97.830" errors="0">
  <testcase name="Tc_Cart_002" time="97.830" classname="testCases.TC_Cart"/>
</testsuite> <!-- testCases.TC_Cart -->
