<?xml version="1.0" encoding="UTF-8"?>
<!-- Generated by org.testng.reporters.JUnitReportReporter -->
<testsuite skipped="0" hostname="DESKTOP-URKGA8H" name="testCases.Testcases" tests="1" failures="0" timestamp="20 Aug 2018 06:15:48 GMT" time="142.258" errors="0">
  <testcase name="Tc_Shop_006" time="142.258" classname="testCases.Testcases"/>
</testsuite> <!-- testCases.Testcases -->
