<?xml version="1.0" encoding="UTF-8"?>
<!-- Generated by org.testng.reporters.JUnitReportReporter -->
<testsuite skipped="0" hostname="DESKTOP-URKGA8H" name="testCases.TC_Cart" tests="1" failures="0" timestamp="30 Aug 2018 11:54:24 GMT" time="133.913" errors="0">
  <testcase name="Tc_Cart_001" time="133.913" classname="testCases.TC_Cart"/>
</testsuite> <!-- testCases.TC_Cart -->
